INFO: 2026/02/12 13:39:30 Application starting...
INFO: 2026/02/12 13:39:30 Env Variable loaded successfully
INFO: 2026/02/12 13:39:30 Database initialized successfully
INFO: 2026/02/12 13:39:30 Starting the server on port 8080...
ERROR: 2026/02/12 13:39:32 ForgotPassword failed: ERROR: trailing junk after parameter at or near "$2c" (SQLSTATE 42601)
ERROR: 2026/02/12 13:40:00 ForgotPassword failed: ERROR: trailing junk after parameter at or near "$2c" (SQLSTATE 42601)
INFO: 2026/02/12 13:42:31 Application starting...
INFO: 2026/02/12 13:42:31 Env Variable loaded successfully
INFO: 2026/02/12 13:42:31 Database initialized successfully
INFO: 2026/02/12 13:42:31 Starting the server on port 8080...
ERROR: 2026/02/12 13:42:34 ForgotPassword failed: ERROR: syntax error at or near "constWHERE" (SQLSTATE 42601)
INFO: 2026/02/12 13:42:46 Application starting...
INFO: 2026/02/12 13:42:46 Env Variable loaded successfully
INFO: 2026/02/12 13:42:46 Database initialized successfully
INFO: 2026/02/12 13:42:46 Starting the server on port 8080...
INFO: 2026/02/12 13:42:47 ForgotPassword requested: herda@gmail.com
INFO: 2026/02/12 13:45:47 Application starting...
INFO: 2026/02/12 13:45:47 Env Variable loaded successfully
INFO: 2026/02/12 13:45:47 Database initialized successfully
INFO: 2026/02/12 13:45:47 Starting the server on port 8080...
INFO: 2026/02/12 13:45:47 Application starting...
INFO: 2026/02/12 13:45:47 Env Variable loaded successfully
INFO: 2026/02/12 13:45:47 Database initialized successfully
INFO: 2026/02/12 13:45:47 Starting the server on port 8080...
INFO: 2026/02/12 13:45:50 Reset token for herda@gmail.com : 2bbf3e9ac145ac39f260e48e1245a0efbf49d9c654f1fcffd437d32cd15de643
INFO: 2026/02/12 13:45:50 ForgotPassword requested: herda@gmail.com
INFO: 2026/02/12 13:46:40 ResetPassword success
ERROR: 2026/02/12 13:47:05 Login failed: invalid password
INFO: 2026/02/12 13:47:10 Login success: herda@gmail.com
